This is pdfTeX, Version 3.14159265-2.6-1.40.18 (TeX Live 2017/Debian) (preloaded format=pdflatex 2018.2.7)  8 FEB 2018 19:50
entering extended mode
 restricted \write18 enabled.
 %&-line parsing enabled.
**encyclopedia-title.tex
(./encyclopedia-title.tex
LaTeX2e <2017-04-15>
Babel <3.12> and hyphenation patterns for 84 language(s) loaded.

! LaTeX Error: Environment titlepage undefined.

See the LaTeX manual or LaTeX Companion for explanation.
Type  H <return>  for immediate help.
 ...                                              
                                                  
l.3 \begin{titlepage}
                     
Your command was ignored.
Type  I <command> <return>  to replace it with another command,
or  <return>  to continue without it.


! LaTeX Error: Environment circuitikz undefined.

See the LaTeX manual or LaTeX Companion for explanation.
Type  H <return>  for immediate help.
 ...                                              
                                                  
l.5 	\begin{circuitikz}
                        \draw
Your command was ignored.
Type  I <command> <return>  to replace it with another command,
or  <return>  to continue without it.

! Undefined control sequence.
l.5 	\begin{circuitikz} \draw
                             
The control sequence at the end of the top line
of your error message was never \def'ed. If you have
misspelled it (e.g., `\hobx'), type `I' and the correct
spelling (e.g., `I\hbox'). Otherwise just continue,
and I'll forget about whatever was undefined.


! LaTeX Error: Missing \begin{document}.

See the LaTeX manual or LaTeX Companion for explanation.
Type  H <return>  for immediate help.
 ...                                              
                                                  
l.6 		(
       0,0) to[capacitor] (2,0);
You're in trouble here.  Try typing  <return>  to proceed.
If that doesn't work, type  X <return>  to quit.

Missing character: There is no ( in font nullfont!
Missing character: There is no 0 in font nullfont!
Missing character: There is no , in font nullfont!
Missing character: There is no 0 in font nullfont!
Missing character: There is no ) in font nullfont!
Missing character: There is no t in font nullfont!
Missing character: There is no o in font nullfont!
Missing character: There is no [ in font nullfont!
Missing character: There is no c in font nullfont!
Missing character: There is no a in font nullfont!
Missing character: There is no p in font nullfont!
Missing character: There is no a in font nullfont!
Missing character: There is no c in font nullfont!
Missing character: There is no i in font nullfont!
Missing character: There is no t in font nullfont!
Missing character: There is no o in font nullfont!
Missing character: There is no r in font nullfont!
Missing character: There is no ] in font nullfont!
Missing character: There is no ( in font nullfont!
Missing character: There is no 2 in font nullfont!
Missing character: There is no , in font nullfont!
Missing character: There is no 0 in font nullfont!
Missing character: There is no ) in font nullfont!
Missing character: There is no ; in font nullfont!

! LaTeX Error: \begin{document} ended by \end{circuitikz}.

See the LaTeX manual or LaTeX Companion for explanation.
Type  H <return>  for immediate help.
 ...                                              
                                                  
l.7 	\end{circuitikz}
                     \par
Your command was ignored.
Type  I <command> <return>  to replace it with another command,
or  <return>  to continue without it.

! Undefined control sequence.
l.9 	{\scshape\Large
                     Yele'u University \par}
The control sequence at the end of the top line
of your error message was never \def'ed. If you have
misspelled it (e.g., `\hobx'), type `I' and the correct
spelling (e.g., `I\hbox'). Otherwise just continue,
and I'll forget about whatever was undefined.


! LaTeX Error: Missing \begin{document}.

See the LaTeX manual or LaTeX Companion for explanation.
Type  H <return>  for immediate help.
 ...                                              
                                                  
l.9 	{\scshape\Large Y
                      ele'u University \par}
You're in trouble here.  Try typing  <return>  to proceed.
If that doesn't work, type  X <return>  to quit.


Overfull \hbox (33.75531pt too wide) in paragraph at lines 9--9
 []\OT1/cmr/m/sc/10 Yele'u 
 []


Overfull \hbox (21.07207pt too wide) in paragraph at lines 9--9
 \OT1/cmr/m/sc/10 Uni- 
 []


Overfull \hbox (21.511pt too wide) in paragraph at lines 9--9
 \OT1/cmr/m/sc/10 ver- 
 []


Overfull \hbox (19.64435pt too wide) in paragraph at lines 9--9
 \OT1/cmr/m/sc/10 sity 
 []

! Undefined control sequence.
l.11 	{\scshape\Huge
                     The Historical Encyclopedia of Mar-Ktu\par}
The control sequence at the end of the top line
of your error message was never \def'ed. If you have
misspelled it (e.g., `\hobx'), type `I' and the correct
spelling (e.g., `I\hbox'). Otherwise just continue,
and I'll forget about whatever was undefined.


! LaTeX Error: Missing \begin{document}.

See the LaTeX manual or LaTeX Companion for explanation.
Type  H <return>  for immediate help.
 ...                                              
                                                  
l.11 	{\scshape\Huge T
                      he Historical Encyclopedia of Mar-Ktu\par}
You're in trouble here.  Try typing  <return>  to proceed.
If that doesn't work, type  X <return>  to quit.


Overfull \hbox (19.5721pt too wide) in paragraph at lines 11--11
 []\OT1/cmr/m/sc/10 The 
 []


Overfull \hbox (19.51651pt too wide) in paragraph at lines 11--11
 \OT1/cmr/m/sc/10 His- 
 []


Overfull \hbox (22.06654pt too wide) in paragraph at lines 11--11
 \OT1/cmr/m/sc/10 tor- 
 []


Overfull \hbox (6.79994pt too wide) in paragraph at lines 11--11
 \OT1/cmr/m/sc/10 i- 
 []


Overfull \hbox (17.17769pt too wide) in paragraph at lines 11--11
 \OT1/cmr/m/sc/10 cal 
 []


Overfull \hbox (17.32764pt too wide) in paragraph at lines 11--11
 \OT1/cmr/m/sc/10 En- 
 []


Overfull \hbox (15.82213pt too wide) in paragraph at lines 11--11
 \OT1/cmr/m/sc/10 cy- 
 []


Overfull \hbox (21.17764pt too wide) in paragraph at lines 11--11
 \OT1/cmr/m/sc/10 clo- 
 []


Overfull \hbox (14.93323pt too wide) in paragraph at lines 11--11
 \OT1/cmr/m/sc/10 pe- 
 []


Overfull \hbox (15.39995pt too wide) in paragraph at lines 11--11
 \OT1/cmr/m/sc/10 dia 
 []


Overfull \hbox (11.71107pt too wide) in paragraph at lines 11--11
 \OT1/cmr/m/sc/10 of 
 []


Overfull \hbox (25.82204pt too wide) in paragraph at lines 11--11
 \OT1/cmr/m/sc/10 Mar- 
 []


Overfull \hbox (20.47487pt too wide) in paragraph at lines 11--11
 \OT1/cmr/m/sc/10 Ktu 
 []

! Undefined control sequence.
l.14 	{\Large
             \itshape Dennysaurus539, No.Eight, Dregunflight\par}
The control sequence at the end of the top line
of your error message was never \def'ed. If you have
misspelled it (e.g., `\hobx'), type `I' and the correct
spelling (e.g., `I\hbox'). Otherwise just continue,
and I'll forget about whatever was undefined.


! LaTeX Error: Missing \begin{document}.

See the LaTeX manual or LaTeX Companion for explanation.
Type  H <return>  for immediate help.
 ...                                              
                                                  
l.14 	{\Large\itshape D
                       ennysaurus539, No.Eight, Dregunflight\par}
You're in trouble here.  Try typing  <return>  to proceed.
If that doesn't work, type  X <return>  to quit.


Overfull \hbox (74.88843pt too wide) in paragraph at lines 14--14
 []\OT1/cmr/m/it/10 Dennysaurus539, 
 []


Overfull \hbox (41.56085pt too wide) in paragraph at lines 14--14
 \OT1/cmr/m/it/10 No.Eight, 
 []


Overfull \hbox (34.51082pt too wide) in paragraph at lines 14--14
 \OT1/cmr/m/it/10 Dregun- 
 []


Overfull \hbox (21.97762pt too wide) in paragraph at lines 14--14
 \OT1/cmr/m/it/10 flight 
 []


! LaTeX Error: Missing \begin{document}.

See the LaTeX manual or LaTeX Companion for explanation.
Type  H <return>  for immediate help.
 ...                                              
                                                  
l.16 	\textit{based on the events of}
                                     \par
You're in trouble here.  Try typing  <return>  to proceed.
If that doesn't work, type  X <return>  to quit.


Overfull \hbox (22.48871pt too wide) in paragraph at lines 16--16
 []\OT1/cmr/m/it/10 based 
 []


Overfull \hbox (10.73328pt too wide) in paragraph at lines 16--16
 \OT1/cmr/m/it/10 on 
 []


Overfull \hbox (13.03323pt too wide) in paragraph at lines 16--16
 \OT1/cmr/m/it/10 the 
 []


Overfull \hbox (26.83313pt too wide) in paragraph at lines 16--16
 \OT1/cmr/m/it/10 events 
 []


Overfull \hbox (10.29718pt too wide) in paragraph at lines 16--16
 \OT1/cmr/m/it/10 of 
 []


! LaTeX Error: Missing \begin{document}.

See the LaTeX manual or LaTeX Companion for explanation.
Type  H <return>  for immediate help.
 ...                                              
                                                  
l.17 	/
       r/CivWorldPowers
You're in trouble here.  Try typing  <return>  to proceed.
If that doesn't work, type  X <return>  to quit.

Missing character: There is no / in font nullfont!
Missing character: There is no r in font nullfont!
Missing character: There is no / in font nullfont!
Missing character: There is no C in font nullfont!
Missing character: There is no i in font nullfont!
Missing character: There is no v in font nullfont!
Missing character: There is no W in font nullfont!
Missing character: There is no o in font nullfont!
Missing character: There is no r in font nullfont!
Missing character: There is no l in font nullfont!
Missing character: There is no d in font nullfont!
Missing character: There is no P in font nullfont!
Missing character: There is no o in font nullfont!
Missing character: There is no w in font nullfont!
Missing character: There is no e in font nullfont!
Missing character: There is no r in font nullfont!
Missing character: There is no s in font nullfont!
! Undefined control sequence.
l.19 	{\large
              \today\par}
The control sequence at the end of the top line
of your error message was never \def'ed. If you have
misspelled it (e.g., `\hobx'), type `I' and the correct
spelling (e.g., `I\hbox'). Otherwise just continue,
and I'll forget about whatever was undefined.

! Undefined control sequence.
l.19 	{\large \today
                    \par}
The control sequence at the end of the top line
of your error message was never \def'ed. If you have
misspelled it (e.g., `\hobx'), type `I' and the correct
spelling (e.g., `I\hbox'). Otherwise just continue,
and I'll forget about whatever was undefined.


! LaTeX Error: \begin{document} ended by \end{titlepage}.

See the LaTeX manual or LaTeX Companion for explanation.
Type  H <return>  for immediate help.
 ...                                              
                                                  
l.20 \end{titlepage}
                    
Your command was ignored.
Type  I <command> <return>  to replace it with another command,
or  <return>  to continue without it.

)
! Emergency stop.
<*> encyclopedia-title.tex
                          
*** (job aborted, no legal \end found)

 
Here is how much of TeX's memory you used:
 14 strings out of 492990
 269 string characters out of 6135006
 54822 words of memory out of 5000000
 3670 multiletter control sequences out of 15000+600000
 4287 words of font info for 16 fonts, out of 8000000 for 9000
 1141 hyphenation exceptions out of 8191
 12i,1n,9p,101b,78s stack positions out of 5000i,500n,10000p,200000b,80000s
!  ==> Fatal error occurred, no output PDF file produced!
